                      :-) GROMACS - gmx mdrun, 2023.3 (-:

Copyright 1991-2023 The GROMACS Authors.
GROMACS is free software; you can redistribute it and/or modify it
under the terms of the GNU Lesser General Public License
as published by the Free Software Foundation; either version 2.1
of the License, or (at your option) any later version.

                         Current GROMACS contributors:
       Mark Abraham           Andrey Alekseenko           Cathrine Bergh      
      Christian Blau            Eliane Briand             Mahesh Doijade      
    Stefan Fleischmann           Vytas Gapsys              Gaurav Garg        
      Sergey Gorelov         Gilles Gouaillardet            Alan Gray         
     M. Eric Irrgang         Farzaneh Jalalypour            Joe Jordan        
    Christoph Junghans        Prashanth Kanduri          Sebastian Keller     
     Carsten Kutzner           Justin A. Lemkul          Magnus Lundborg      
       Pascal Merz              Vedran Miletic            Dmitry Morozov      
       Szilard Pall             Roland Schulz             Michael Shirts      
     Alexey Shvetsov            Balint Soproni         David van der Spoel    
      Philip Turner             Carsten Uphoff           Alessandra Villa     
 Sebastian Wingbermuehle        Artem Zhmurov       

                         Previous GROMACS contributors:
        Emile Apol             Rossen Apostolov           James Barnett       
  Herman J.C. Berendsen          Par Bjelkmar           Viacheslav Bolnykh    
        Kevin Boyd            Aldert van Buuren          Carlo Camilloni      
     Rudi van Drunen            Anton Feenstra           Oliver Fleetwood     
     Gerrit Groenhof            Bert de Groot             Anca Hamuraru       
    Vincent Hindriksen          Victor Holanda           Aleksei Iupinov      
   Dimitrios Karkoulis           Peter Kasson             Sebastian Kehl      
        Jiri Kraus               Per Larsson              Viveca Lindahl      
      Erik Marklund           Pieter Meulenhoff           Teemu Murtola       
       Sander Pronk             Alfons Sijbers            Peter Tieleman      
       Jon Vincent             Teemu Virolainen         Christian Wennberg    
       Maarten Wolf       

                  Coordinated by the GROMACS project leaders:
                    Paul Bauer, Berk Hess, and Erik Lindahl

GROMACS:      gmx mdrun, version 2023.3
Executable:   /usr/local/bin/gmx
Data prefix:  /usr/local
Working dir:  /Users/imogen/Downloads/conformers/spc256/tip3p/rerun/min
Process ID:   24341
Command line:
  gmx mdrun -deffnm em

GROMACS version:    2023.3
Precision:          mixed
Memory model:       64 bit
MPI library:        thread_mpi
OpenMP support:     disabled
GPU support:        disabled
SIMD instructions:  ARM_NEON_ASIMD
CPU FFT library:    fftw-3.3.8
GPU FFT library:    none
Multi-GPU FFT:      none
TNG support:        enabled
Hwloc support:      disabled
Tracing support:    disabled
C compiler:         /usr/bin/cc AppleClang 15.0.0.15000040
C compiler flags:   -Wno-unknown-pragmas -Wno-missing-field-initializers -fno-stack-check -fno-stack-check 
C++ compiler:       /usr/bin/c++ AppleClang 15.0.0.15000040
C++ compiler flags: -Wno-unknown-pragmas -Wno-reserved-identifier -Wno-missing-field-initializers -fno-stack-check -fno-stack-check -Weverything -Wno-c++98-compat -Wno-c++98-compat-pedantic -Wno-source-uses-openmp -Wno-c++17-extensions -Wno-documentation-unknown-command -Wno-covered-switch-default -Wno-switch-enum -Wno-extra-semi-stmt -Wno-weak-vtables -Wno-shadow -Wno-padded -Wno-reserved-id-macro -Wno-double-promotion -Wno-exit-time-destructors -Wno-global-constructors -Wno-documentation -Wno-format-nonliteral -Wno-used-but-marked-unused -Wno-float-equal -Wno-conditional-uninitialized -Wno-conversion -Wno-disabled-macro-expansion -Wno-unused-macros -Wno-unsafe-buffer-usage -O3 -DNDEBUG
BLAS library:       External - detected on the system
LAPACK library:     External - detected on the system


Running on 1 node with total 0 processing units
Hardware detected on host Imogens-MacBook-Air.local:
  CPU info:
    Vendor: ARM
    Brand:  Unknown CPU brand
    Family: 0   Model: 0   Stepping: 0
    Features: neon neon_asimd
  Hardware topology: Only logical processor count
    CPU limit set by OS: -1   Recommended max number of threads: 8


++++ PLEASE READ AND CITE THE FOLLOWING REFERENCE ++++
M. J. Abraham, T. Murtola, R. Schulz, S. Páll, J. C. Smith, B. Hess, E.
Lindahl
GROMACS: High performance molecular simulations through multi-level
parallelism from laptops to supercomputers
SoftwareX 1 (2015) pp. 19-25
-------- -------- --- Thank You --- -------- --------


++++ PLEASE READ AND CITE THE FOLLOWING REFERENCE ++++
S. Páll, M. J. Abraham, C. Kutzner, B. Hess, E. Lindahl
Tackling Exascale Software Challenges in Molecular Dynamics Simulations with
GROMACS
In S. Markidis & E. Laure (Eds.), Solving Software Challenges for Exascale 8759 (2015) pp. 3-27
-------- -------- --- Thank You --- -------- --------


++++ PLEASE READ AND CITE THE FOLLOWING REFERENCE ++++
S. Pronk, S. Páll, R. Schulz, P. Larsson, P. Bjelkmar, R. Apostolov, M. R.
Shirts, J. C. Smith, P. M. Kasson, D. van der Spoel, B. Hess, and E. Lindahl
GROMACS 4.5: a high-throughput and highly parallel open source molecular
simulation toolkit
Bioinformatics 29 (2013) pp. 845-54
-------- -------- --- Thank You --- -------- --------


++++ PLEASE READ AND CITE THE FOLLOWING REFERENCE ++++
B. Hess and C. Kutzner and D. van der Spoel and E. Lindahl
GROMACS 4: Algorithms for highly efficient, load-balanced, and scalable
molecular simulation
J. Chem. Theory Comput. 4 (2008) pp. 435-447
-------- -------- --- Thank You --- -------- --------


++++ PLEASE READ AND CITE THE FOLLOWING REFERENCE ++++
D. van der Spoel, E. Lindahl, B. Hess, G. Groenhof, A. E. Mark and H. J. C.
Berendsen
GROMACS: Fast, Flexible and Free
J. Comp. Chem. 26 (2005) pp. 1701-1719
-------- -------- --- Thank You --- -------- --------


++++ PLEASE READ AND CITE THE FOLLOWING REFERENCE ++++
E. Lindahl and B. Hess and D. van der Spoel
GROMACS 3.0: A package for molecular simulation and trajectory analysis
J. Mol. Mod. 7 (2001) pp. 306-317
-------- -------- --- Thank You --- -------- --------


++++ PLEASE READ AND CITE THE FOLLOWING REFERENCE ++++
H. J. C. Berendsen, D. van der Spoel and R. van Drunen
GROMACS: A message-passing parallel molecular dynamics implementation
Comp. Phys. Comm. 91 (1995) pp. 43-56
-------- -------- --- Thank You --- -------- --------


++++ PLEASE CITE THE DOI FOR THIS VERSION OF GROMACS ++++
https://doi.org/10.5281/zenodo.10017686
-------- -------- --- Thank You --- -------- --------

Input Parameters:
   integrator                     = steep
   tinit                          = 0
   dt                             = 0.001
   nsteps                         = 50000
   init-step                      = 0
   simulation-part                = 1
   mts                            = false
   comm-mode                      = Linear
   nstcomm                        = 100
   bd-fric                        = 0
   ld-seed                        = -438524417
   emtol                          = 1000
   emstep                         = 0.01
   niter                          = 20
   fcstep                         = 0
   nstcgsteep                     = 1000
   nbfgscorr                      = 10
   rtpi                           = 0.05
   nstxout                        = 0
   nstvout                        = 0
   nstfout                        = 0
   nstlog                         = 1000
   nstcalcenergy                  = 100
   nstenergy                      = 1000
   nstxout-compressed             = 0
   compressed-x-precision         = 1000
   cutoff-scheme                  = Verlet
   nstlist                        = 1
   pbc                            = xyz
   periodic-molecules             = false
   verlet-buffer-tolerance        = 0.005
   rlist                          = 1
   coulombtype                    = PME
   coulomb-modifier               = Potential-shift
   rcoulomb-switch                = 0
   rcoulomb                       = 1
   epsilon-r                      = 1
   epsilon-rf                     = inf
   vdw-type                       = Cut-off
   vdw-modifier                   = Potential-shift
   rvdw-switch                    = 0
   rvdw                           = 1
   DispCorr                       = No
   table-extension                = 1
   fourierspacing                 = 0.12
   fourier-nx                     = 25
   fourier-ny                     = 25
   fourier-nz                     = 25
   pme-order                      = 4
   ewald-rtol                     = 1e-05
   ewald-rtol-lj                  = 0.001
   lj-pme-comb-rule               = Geometric
   ewald-geometry                 = 3d
   epsilon-surface                = 0
   ensemble-temperature-setting   = not available
   ensemble-temperature           = -1
   tcoupl                         = No
   nsttcouple                     = -1
   nh-chain-length                = 0
   print-nose-hoover-chain-variables = false
   pcoupl                         = No
   pcoupltype                     = Isotropic
   nstpcouple                     = -1
   tau-p                          = 1
   compressibility (3x3):
      compressibility[    0]={ 0.00000e+00,  0.00000e+00,  0.00000e+00}
      compressibility[    1]={ 0.00000e+00,  0.00000e+00,  0.00000e+00}
      compressibility[    2]={ 0.00000e+00,  0.00000e+00,  0.00000e+00}
   ref-p (3x3):
      ref-p[    0]={ 0.00000e+00,  0.00000e+00,  0.00000e+00}
      ref-p[    1]={ 0.00000e+00,  0.00000e+00,  0.00000e+00}
      ref-p[    2]={ 0.00000e+00,  0.00000e+00,  0.00000e+00}
   refcoord-scaling               = No
   posres-com (3):
      posres-com[0]= 0.00000e+00
      posres-com[1]= 0.00000e+00
      posres-com[2]= 0.00000e+00
   posres-comB (3):
      posres-comB[0]= 0.00000e+00
      posres-comB[1]= 0.00000e+00
      posres-comB[2]= 0.00000e+00
   QMMM                           = false
qm-opts:
   ngQM                           = 0
   constraint-algorithm           = Lincs
   continuation                   = false
   Shake-SOR                      = false
   shake-tol                      = 0.0001
   lincs-order                    = 4
   lincs-iter                     = 1
   lincs-warnangle                = 30
   nwall                          = 0
   wall-type                      = 9-3
   wall-r-linpot                  = -1
   wall-atomtype[0]               = -1
   wall-atomtype[1]               = -1
   wall-density[0]                = 0
   wall-density[1]                = 0
   wall-ewald-zfac                = 3
   pull                           = false
   awh                            = false
   rotation                       = false
   interactiveMD                  = false
   disre                          = No
   disre-weighting                = Conservative
   disre-mixed                    = false
   dr-fc                          = 1000
   dr-tau                         = 0
   nstdisreout                    = 100
   orire-fc                       = 0
   orire-tau                      = 0
   nstorireout                    = 100
   free-energy                    = no
   cos-acceleration               = 0
   deform (3x3):
      deform[    0]={ 0.00000e+00,  0.00000e+00,  0.00000e+00}
      deform[    1]={ 0.00000e+00,  0.00000e+00,  0.00000e+00}
      deform[    2]={ 0.00000e+00,  0.00000e+00,  0.00000e+00}
   simulated-tempering            = false
   swapcoords                     = no
   userint1                       = 0
   userint2                       = 0
   userint3                       = 0
   userint4                       = 0
   userreal1                      = 0
   userreal2                      = 0
   userreal3                      = 0
   userreal4                      = 0
   applied-forces:
     electric-field:
       x:
         E0                       = 0
         omega                    = 0
         t0                       = 0
         sigma                    = 0
       y:
         E0                       = 0
         omega                    = 0
         t0                       = 0
         sigma                    = 0
       z:
         E0                       = 0
         omega                    = 0
         t0                       = 0
         sigma                    = 0
     density-guided-simulation:
       active                     = false
       group                      = protein
       similarity-measure         = inner-product
       atom-spreading-weight      = unity
       force-constant             = 1e+09
       gaussian-transform-spreading-width = 0.2
       gaussian-transform-spreading-range-in-multiples-of-width = 4
       reference-density-filename = reference.mrc
       nst                        = 1
       normalize-densities        = true
       adaptive-force-scaling     = false
       adaptive-force-scaling-time-constant = 4
       shift-vector               = 
       transformation-matrix      = 
     qmmm-cp2k:
       active                     = false
       qmgroup                    = System
       qmmethod                   = PBE
       qmfilenames                = 
       qmcharge                   = 0
       qmmultiplicity             = 1
grpopts:
   nrdf:        1572
   ref-t:           0
   tau-t:           0
annealing:          No
annealing-npoints:           0
   acc:	           0           0           0
   nfreeze:           N           N           N
   energygrp-flags[  0]: 0


Initializing Domain Decomposition on 8 ranks
NOTE: disabling dynamic load balancing as it is only supported with dynamics, not with integrator 'steep'.
Dynamic load balancing: off
Using update groups, nr 269, average size 2.9 atoms, max. radius 0.078 nm
Minimum cell size due to atom displacement: 0.000 nm
Initial maximum distances in bonded interactions:
    two-body bonded interactions: 0.349 nm, LJ-14, atoms 2 10
  multi-body bonded interactions: 0.349 nm, Ryckaert-Bell., atoms 10 2
Minimum cell size due to bonded interactions: 0.383 nm
Using 0 separate PME ranks because: there are too few total ranks for efficient splitting
Optimizing the DD grid for 8 cells with a minimum initial size of 0.383 nm
The maximum allowed number of cells is: X 7 Y 7 Z 7
Domain decomposition grid 4 x 2 x 1, separate PME ranks 0
PME domain decomposition: 4 x 2 x 1
Domain decomposition rank 0, coordinates 0 0 0

The initial number of communication pulses is: X 2 Y 1
The initial domain decomposition cell size is: X 0.72 nm Y 1.44 nm

The maximum allowed distance for atom groups involved in interactions is:
                 non-bonded interactions           1.156 nm
            two-body bonded interactions  (-rdd)   1.156 nm
          multi-body bonded interactions  (-rdd)   0.721 nm

Using 8 MPI threads
System total charge: -0.000
Will do PME sum in reciprocal space for electrostatic interactions.

++++ PLEASE READ AND CITE THE FOLLOWING REFERENCE ++++
U. Essmann, L. Perera, M. L. Berkowitz, T. Darden, H. Lee and L. G. Pedersen 
A smooth particle mesh Ewald method
J. Chem. Phys. 103 (1995) pp. 8577-8592
-------- -------- --- Thank You --- -------- --------

Using a Gaussian width (1/beta) of 0.320163 nm for Ewald
Potential shift: LJ r^-12: -1.000e+00 r^-6: -1.000e+00, Ewald -1.000e-05
Initialized non-bonded Coulomb Ewald tables, spacing: 9.33e-04 size: 1073

Generated table with 1000 data points for 1-4 COUL.
Tabscale = 500 points/nm
Generated table with 1000 data points for 1-4 LJ6.
Tabscale = 500 points/nm
Generated table with 1000 data points for 1-4 LJ12.
Tabscale = 500 points/nm


Using SIMD 4x4 nonbonded short-range kernels

Using a 4x4 pair-list setup:
  updated every 1 steps, buffer 0.000 nm, rlist 1.000 nm

Using Geometric Lennard-Jones combination rule
Removing pbc first time

Linking all bonded interactions to atoms


++++ PLEASE READ AND CITE THE FOLLOWING REFERENCE ++++
S. Miyamoto and P. A. Kollman
SETTLE: An Analytical Version of the SHAKE and RATTLE Algorithms for Rigid
Water Models
J. Comp. Chem. 13 (1992) pp. 952-962
-------- -------- --- Thank You --- -------- --------


Note that activating steepest-descent energy minimization via the integrator .mdp option and the command gmx mdrun may be available in a different form in a future version of GROMACS, e.g. gmx minimize and an .mdp option.
Initiating Steepest Descents

Atom distribution over 8 domains: av 97 stddev 13 min 90 max 112
Started Steepest Descents on rank 0 Tue Jun  3 13:11:50 2025


Steepest Descents:
   Tolerance (Fmax)   =  1.00000e+03
   Number of steps    =        50000
           Step           Time
              0        0.00000

   Energies (kJ/mol)
           Bond          Angle Ryckaert-Bell.          LJ-14     Coulomb-14
    5.63114e+00    2.02468e+00    2.34534e+01    5.13655e+00    1.08785e+02
        LJ (SR)   Coulomb (SR)   Coul. recip.      Potential Pressure (bar)
    4.08334e+03   -4.80927e+03    7.18391e+02    1.37495e+02    1.22778e+04


DD  step 0 load imb.: force 41.6%
           Step           Time
              1        1.00000

   Energies (kJ/mol)
           Bond          Angle Ryckaert-Bell.          LJ-14     Coulomb-14
    3.68622e+00    1.74063e+00    2.34815e+01    5.18553e+00    1.08876e+02
        LJ (SR)   Coulomb (SR)   Coul. recip.      Potential Pressure (bar)
    2.58309e+03   -4.83490e+03    7.16401e+02   -1.39244e+03    7.99305e+03

           Step           Time
              2        2.00000

   Energies (kJ/mol)
           Bond          Angle Ryckaert-Bell.          LJ-14     Coulomb-14
    1.12727e+00    1.31770e+00    2.35284e+01    5.30863e+00    1.09089e+02
        LJ (SR)   Coulomb (SR)   Coul. recip.      Potential Pressure (bar)
    1.68994e+03   -4.86253e+03    7.12049e+02   -2.32017e+03    5.42941e+03

           Step           Time
              3        3.00000

   Energies (kJ/mol)
           Bond          Angle Ryckaert-Bell.          LJ-14     Coulomb-14
    6.06579e-01    1.15229e+00    2.34926e+01    5.58008e+00    1.09506e+02
        LJ (SR)   Coulomb (SR)   Coul. recip.      Potential Pressure (bar)
    1.14513e+03   -4.90716e+03    7.01172e+02   -2.92052e+03    3.85447e+03

           Step           Time
              4        4.00000

   Energies (kJ/mol)
           Bond          Angle Ryckaert-Bell.          LJ-14     Coulomb-14
    2.94254e+00    2.01769e+00    2.31282e+01    5.86214e+00    1.10012e+02
        LJ (SR)   Coulomb (SR)   Coul. recip.      Potential Pressure (bar)
    8.64205e+02   -5.01637e+03    6.76597e+02   -3.33160e+03    2.94539e+03

           Step           Time
              5        5.00000

   Energies (kJ/mol)
           Bond          Angle Ryckaert-Bell.          LJ-14     Coulomb-14
    3.64366e+02    3.74811e+01    2.64920e+01    6.99786e+00    1.12930e+02
        LJ (SR)   Coulomb (SR)   Coul. recip.      Potential Pressure (bar)
    7.02683e+02   -5.29698e+03    6.20976e+02   -3.42505e+03    2.69471e+03

           Step           Time
              6        6.00000

   Energies (kJ/mol)
           Bond          Angle Ryckaert-Bell.          LJ-14     Coulomb-14
    9.04830e+01    9.05859e+00    2.23880e+01    6.61452e+00    1.10907e+02
        LJ (SR)   Coulomb (SR)   Coul. recip.      Potential Pressure (bar)
    6.95287e+02   -5.33523e+03    6.14370e+02   -3.78612e+03    2.08153e+03

           Step           Time
              7        7.00000

           Step           Time
              8        8.00000

   Energies (kJ/mol)
           Bond          Angle Ryckaert-Bell.          LJ-14     Coulomb-14
    4.27486e+01    3.44224e+00    2.42287e+01    6.30846e+00    1.11965e+02
        LJ (SR)   Coulomb (SR)   Coul. recip.      Potential Pressure (bar)
    6.89175e+02   -5.35128e+03    6.12166e+02   -3.86125e+03    2.45065e+03

           Step           Time
              9        9.00000

           Step           Time
             10       10.00000

   Energies (kJ/mol)
           Bond          Angle Ryckaert-Bell.          LJ-14     Coulomb-14
    9.41974e+00    2.63886e+00    2.32832e+01    6.50597e+00    1.11433e+02
        LJ (SR)   Coulomb (SR)   Coul. recip.      Potential Pressure (bar)
    6.85536e+02   -5.37586e+03    6.07816e+02   -3.92922e+03    2.23318e+03

           Step           Time
             11       11.00000

   Energies (kJ/mol)
           Bond          Angle Ryckaert-Bell.          LJ-14     Coulomb-14
    6.80960e+01    4.48616e+00    2.44529e+01    6.46307e+00    1.12294e+02
        LJ (SR)   Coulomb (SR)   Coul. recip.      Potential Pressure (bar)
    6.78579e+02   -5.42663e+03    6.00214e+02   -3.93204e+03    2.41484e+03

           Step           Time
             12       12.00000

   Energies (kJ/mol)
           Bond          Angle Ryckaert-Bell.          LJ-14     Coulomb-14
    2.95442e+01    3.57820e+00    2.32568e+01    6.66891e+00    1.11498e+02
        LJ (SR)   Coulomb (SR)   Coul. recip.      Potential Pressure (bar)
    6.76339e+02   -5.45415e+03    5.95210e+02   -4.00805e+03    2.11469e+03

           Step           Time
             13       13.00000

           Step           Time
             14       14.00000

   Energies (kJ/mol)
           Bond          Angle Ryckaert-Bell.          LJ-14     Coulomb-14
    7.50666e+00    2.21304e+00    2.39767e+01    6.57896e+00    1.12050e+02
        LJ (SR)   Coulomb (SR)   Coul. recip.      Potential Pressure (bar)
    6.74805e+02   -5.46951e+03    5.92946e+02   -4.04943e+03    2.29674e+03

           Step           Time
             15       15.00000

   Energies (kJ/mol)
           Bond          Angle Ryckaert-Bell.          LJ-14     Coulomb-14
    5.14924e+01    4.40342e+00    2.32681e+01    6.80779e+00    1.11559e+02
        LJ (SR)   Coulomb (SR)   Coul. recip.      Potential Pressure (bar)
    6.71507e+02   -5.51353e+03    5.85656e+02   -4.05884e+03    2.03034e+03

           Step           Time
             16       16.00000

   Energies (kJ/mol)
           Bond          Angle Ryckaert-Bell.          LJ-14     Coulomb-14
    2.12343e+01    2.80729e+00    2.42300e+01    6.64971e+00    1.12314e+02
        LJ (SR)   Coulomb (SR)   Coul. recip.      Potential Pressure (bar)
    6.70308e+02   -5.52689e+03    5.83786e+02   -4.10556e+03    2.29699e+03

           Step           Time
             17       17.00000

           Step           Time
             18       18.00000

   Energies (kJ/mol)
           Bond          Angle Ryckaert-Bell.          LJ-14     Coulomb-14
    6.41038e+00    2.38938e+00    2.36960e+01    6.76996e+00    1.11927e+02
        LJ (SR)   Coulomb (SR)   Coul. recip.      Potential Pressure (bar)
    6.69010e+02   -5.54699e+03    5.80310e+02   -4.14648e+03    2.13679e+03

           Step           Time
             19       19.00000

   Energies (kJ/mol)
           Bond          Angle Ryckaert-Bell.          LJ-14     Coulomb-14
    3.47161e+01    3.44289e+00    2.44885e+01    6.76659e+00    1.12568e+02
        LJ (SR)   Coulomb (SR)   Coul. recip.      Potential Pressure (bar)
    6.66407e+02   -5.58612e+03    5.74330e+02   -4.16340e+03    2.28629e+03

           Step           Time
             20       20.00000

   Energies (kJ/mol)
           Bond          Angle Ryckaert-Bell.          LJ-14     Coulomb-14
    1.88779e+01    3.01221e+00    2.36995e+01    6.88530e+00    1.11970e+02
        LJ (SR)   Coulomb (SR)   Coul. recip.      Potential Pressure (bar)
    6.65191e+02   -5.60912e+03    5.70351e+02   -4.20914e+03    2.05656e+03

           Step           Time
             21       21.00000

           Step           Time
             22       22.00000

   Energies (kJ/mol)
           Bond          Angle Ryckaert-Bell.          LJ-14     Coulomb-14
    3.13064e+00    2.25951e+00    2.42123e+01    6.85166e+00    1.12396e+02
        LJ (SR)   Coulomb (SR)   Coul. recip.      Potential Pressure (bar)
    6.64428e+02   -5.62166e+03    5.68458e+02   -4.23992e+03    2.19261e+03

           Step           Time
             23       23.00000

   Energies (kJ/mol)
           Bond          Angle Ryckaert-Bell.          LJ-14     Coulomb-14
    3.22923e+01    3.55719e+00    2.37316e+01    6.99164e+00    1.12026e+02
        LJ (SR)   Coulomb (SR)   Coul. recip.      Potential Pressure (bar)
    6.62532e+02   -5.66129e+03    5.62054e+02   -4.25811e+03    1.99429e+03

           Step           Time
             24       24.00000

   Energies (kJ/mol)
           Bond          Angle Ryckaert-Bell.          LJ-14     Coulomb-14
    9.70726e+00    2.61365e+00    2.44337e+01    6.93023e+00    1.12621e+02
        LJ (SR)   Coulomb (SR)   Coul. recip.      Potential Pressure (bar)
    6.61940e+02   -5.67256e+03    5.60403e+02   -4.29391e+03    2.19401e+03

           Step           Time
             25       25.00000

           Step           Time
             26       26.00000

   Energies (kJ/mol)
           Bond          Angle Ryckaert-Bell.          LJ-14     Coulomb-14
    5.03092e+00    2.44400e+00    2.40604e+01    6.99389e+00    1.12321e+02
        LJ (SR)   Coulomb (SR)   Coul. recip.      Potential Pressure (bar)
    6.61221e+02   -5.69032e+03    5.57471e+02   -4.32078e+03    2.07053e+03

           Step           Time
             27       27.00000

   Energies (kJ/mol)
           Bond          Angle Ryckaert-Bell.          LJ-14     Coulomb-14
    1.63955e+01    2.97376e+00    2.46410e+01    7.02139e+00    1.12820e+02
        LJ (SR)   Coulomb (SR)   Coul. recip.      Potential Pressure (bar)
    6.60062e+02   -5.71953e+03    5.53011e+02   -4.34261e+03    2.18967e+03

           Step           Time
             28       28.00000

   Energies (kJ/mol)
           Bond          Angle Ryckaert-Bell.          LJ-14     Coulomb-14
    1.30793e+01    2.85426e+00    2.40860e+01    7.07372e+00    1.12353e+02
        LJ (SR)   Coulomb (SR)   Coul. recip.      Potential Pressure (bar)
    6.59397e+02   -5.73980e+03    5.49683e+02   -4.37128e+03    2.01310e+03

           Step           Time
             29       29.00000

   Energies (kJ/mol)
           Bond          Angle Ryckaert-Bell.          LJ-14     Coulomb-14
    2.99338e+01    3.61549e+00    2.48674e+01    7.09567e+00    1.13035e+02
        LJ (SR)   Coulomb (SR)   Coul. recip.      Potential Pressure (bar)
    6.58737e+02   -5.76030e+03    5.46677e+02   -4.37634e+03    2.19650e+03

           Step           Time
             30       30.00000

   Energies (kJ/mol)
           Bond          Angle Ryckaert-Bell.          LJ-14     Coulomb-14
    3.03897e+01    3.73887e+00    2.40600e+01    7.12457e+00    1.12317e+02
        LJ (SR)   Coulomb (SR)   Coul. recip.      Potential Pressure (bar)
    6.58130e+02   -5.78322e+03    5.42932e+02   -4.40453e+03    1.94306e+03

           Step           Time
             31       31.00000

           Step           Time
             32       32.00000

   Energies (kJ/mol)
           Bond          Angle Ryckaert-Bell.          LJ-14     Coulomb-14
    1.17022e+00    2.47940e+00    2.45754e+01    7.13543e+00    1.12805e+02
        LJ (SR)   Coulomb (SR)   Coul. recip.      Potential Pressure (bar)
    6.57926e+02   -5.79045e+03    5.41831e+02   -4.44252e+03    2.10022e+03

           Step           Time
             33       33.00000

   Energies (kJ/mol)
           Bond          Angle Ryckaert-Bell.          LJ-14     Coulomb-14
    4.88127e+01    4.41038e+00    2.41383e+01    7.23706e+00    1.12380e+02
        LJ (SR)   Coulomb (SR)   Coul. recip.      Potential Pressure (bar)
    6.56834e+02   -5.84289e+03    5.33718e+02   -4.45536e+03    1.87786e+03

           Step           Time
             34       34.00000

   Energies (kJ/mol)
           Bond          Angle Ryckaert-Bell.          LJ-14     Coulomb-14
    6.04700e+00    2.80737e+00    2.48346e+01    7.24787e+00    1.13076e+02
        LJ (SR)   Coulomb (SR)   Coul. recip.      Potential Pressure (bar)
    6.56736e+02   -5.84894e+03    5.32797e+02   -4.50539e+03    2.10585e+03

           Step           Time
             35       35.00000

           Step           Time
             36       36.00000

   Energies (kJ/mol)
           Bond          Angle Ryckaert-Bell.          LJ-14     Coulomb-14
    1.08643e+01    2.93751e+00    2.44666e+01    7.25718e+00    1.12708e+02
        LJ (SR)   Coulomb (SR)   Coul. recip.      Potential Pressure (bar)
    6.56430e+02   -5.86852e+03    5.29739e+02   -4.52411e+03    1.96941e+03

           Step           Time
             37       37.00000

   Energies (kJ/mol)
           Bond          Angle Ryckaert-Bell.          LJ-14     Coulomb-14
    1.21027e+01    3.14096e+00    2.50229e+01    7.32021e+00    1.13256e+02
        LJ (SR)   Coulomb (SR)   Coul. recip.      Potential Pressure (bar)
    6.56272e+02   -5.88332e+03    5.27552e+02   -4.53865e+03    2.11276e+03

           Step           Time
             38       38.00000

   Energies (kJ/mol)
           Bond          Angle Ryckaert-Bell.          LJ-14     Coulomb-14
    2.24697e+01    3.49864e+00    2.44674e+01    7.29162e+00    1.12684e+02
        LJ (SR)   Coulomb (SR)   Coul. recip.      Potential Pressure (bar)
    6.56026e+02   -5.90469e+03    5.24242e+02   -4.55401e+03    1.91775e+03

           Step           Time
             39       39.00000

   Energies (kJ/mol)
           Bond          Angle Ryckaert-Bell.          LJ-14     Coulomb-14
    2.50735e+01    3.77268e+00    2.52437e+01    7.39643e+00    1.13476e+02
        LJ (SR)   Coulomb (SR)   Coul. recip.      Potential Pressure (bar)
    6.55990e+02   -5.91631e+03    5.22573e+02   -4.56278e+03    2.12858e+03

           Step           Time
             40       40.00000

   Energies (kJ/mol)
           Bond          Angle Ryckaert-Bell.          LJ-14     Coulomb-14
    4.56151e+01    4.64716e+00    2.44276e+01    7.29985e+00    1.12594e+02
        LJ (SR)   Coulomb (SR)   Coul. recip.      Potential Pressure (bar)
    6.55795e+02   -5.93976e+03    5.18984e+02   -4.57040e+03    1.84838e+03

           Step           Time
             41       41.00000

           Step           Time
             42       42.00000

   Energies (kJ/mol)
           Bond          Angle Ryckaert-Bell.          LJ-14     Coulomb-14
    2.12287e-01    2.74185e+00    2.49419e+01    7.37884e+00    1.13174e+02
        LJ (SR)   Coulomb (SR)   Coul. recip.      Potential Pressure (bar)
    6.55816e+02   -5.94365e+03    5.18329e+02   -4.62106e+03    2.02631e+03


Steepest Descents converged to Fmax < 1000 in 43 steps
Potential Energy  = -4.6210596e+03
Maximum force     =  5.9645575e+02 on atom 12
Norm of force     =  1.0829047e+02

    D O M A I N   D E C O M P O S I T I O N   S T A T I S T I C S

 av. #atoms communicated per step for force:  2 x 2491.2

Finished mdrun on rank 0 Tue Jun  3 13:11:50 2025

